[0.768s] Invoking command in '/home/anushka/icecones/src/my_robot_pkg': PYTHONPATH=/home/anushka/icecones/build/my_robot_pkg/prefix_override:/home/anushka/icecones/install/my_robot_pkg/lib/python3.10/site-packages:${PYTHONPATH} /usr/bin/python3 setup.py egg_info --egg-base ../../build/my_robot_pkg build --build-base /home/anushka/icecones/build/my_robot_pkg/build install --record /home/anushka/icecones/build/my_robot_pkg/install.log --single-version-externally-managed
[0.977s] running egg_info
[0.978s] writing ../../build/my_robot_pkg/my_robot_pkg.egg-info/PKG-INFO
[0.978s] writing dependency_links to ../../build/my_robot_pkg/my_robot_pkg.egg-info/dependency_links.txt
[0.978s] writing entry points to ../../build/my_robot_pkg/my_robot_pkg.egg-info/entry_points.txt
[0.978s] writing requirements to ../../build/my_robot_pkg/my_robot_pkg.egg-info/requires.txt
[0.979s] writing top-level names to ../../build/my_robot_pkg/my_robot_pkg.egg-info/top_level.txt
[0.980s] reading manifest file '../../build/my_robot_pkg/my_robot_pkg.egg-info/SOURCES.txt'
[0.980s] writing manifest file '../../build/my_robot_pkg/my_robot_pkg.egg-info/SOURCES.txt'
[0.981s] running build
[0.981s] running build_py
[0.981s] copying my_robot_pkg/__init__.py -> /home/anushka/icecones/build/my_robot_pkg/build/lib/my_robot_pkg
[0.981s] running install
[0.981s] running install_lib
[0.982s] copying /home/anushka/icecones/build/my_robot_pkg/build/lib/my_robot_pkg/__init__.py -> /home/anushka/icecones/install/my_robot_pkg/lib/python3.10/site-packages/my_robot_pkg
[0.982s] byte-compiling /home/anushka/icecones/install/my_robot_pkg/lib/python3.10/site-packages/my_robot_pkg/__init__.py to __init__.cpython-310.pyc
[0.983s] running install_data
[0.983s] copying resource/my_robot_pkg -> /home/anushka/icecones/install/my_robot_pkg/share/ament_index/resource_index/packages
[0.983s] copying package.xml -> /home/anushka/icecones/install/my_robot_pkg/share/my_robot_pkg
[0.984s] running install_egg_info
[0.985s] removing '/home/anushka/icecones/install/my_robot_pkg/lib/python3.10/site-packages/my_robot_pkg-0.0.0-py3.10.egg-info' (and everything under it)
[0.985s] Copying ../../build/my_robot_pkg/my_robot_pkg.egg-info to /home/anushka/icecones/install/my_robot_pkg/lib/python3.10/site-packages/my_robot_pkg-0.0.0-py3.10.egg-info
[0.986s] running install_scripts
[1.004s] writing list of installed files to '/home/anushka/icecones/build/my_robot_pkg/install.log'
[1.057s] Invoked command in '/home/anushka/icecones/src/my_robot_pkg' returned '0': PYTHONPATH=/home/anushka/icecones/build/my_robot_pkg/prefix_override:/home/anushka/icecones/install/my_robot_pkg/lib/python3.10/site-packages:${PYTHONPATH} /usr/bin/python3 setup.py egg_info --egg-base ../../build/my_robot_pkg build --build-base /home/anushka/icecones/build/my_robot_pkg/build install --record /home/anushka/icecones/build/my_robot_pkg/install.log --single-version-externally-managed
